<?xml version="1.0" encoding="UTF-8"?>
<testsuite xmlns:xsi="http://www.w3.org/2001/XMLSchema-instance" xsi:noNamespaceSchemaLocation="https://maven.apache.org/surefire/maven-surefire-plugin/xsd/surefire-test-report.xsd" name="com.tintardona.test.regression.masterclass.com.HeaderTest" time="7.695" tests="2" errors="0" skipped="0" failures="0">
  <properties>
[...]
</properties>
  <testcase name="isHeaderDisplayed" classname="com.tintardona.test.regression.masterclass.com.HeaderTest" time="3.498"/>
  <testcase name="at_work_buttonClick" classname="com.tintardona.test.regression.masterclass.com.HeaderTest" time="4.137"/>
</testsuite>